Using pre-set license

 COMMAND LINE ARGUMENTS:
/Applications/Unity/Unity.app/Contents/MacOS/Unity
-adb2
-batchMode
-noUpm
-name
AssetImportWorker0
-projectPath
/Users/alan/Desktop/unity/Assignment 3/Assignment-3-GameDev
-logFile
Logs/AssetImportWorker0.log
-srvPort
56367
Successfully changed project path to: /Users/alan/Desktop/unity/Assignment 3/Assignment-3-GameDev
/Users/alan/Desktop/unity/Assignment 3/Assignment-3-GameDev
Using Asset Import Pipeline V2.
Refreshing native plugins compatible for Editor in 31.32 ms, found 2 plugins.
Preloading 0 native plugins for Editor in 0.00 ms.
Initialize engine version: 2020.2.4f1 (becced5a802b)
[Subsystems] Discovering subsystems at path /Applications/Unity/Unity.app/Contents/Resources/UnitySubsystems
[Subsystems] Discovering subsystems at path /Users/alan/Desktop/unity/Assignment 3/Assignment-3-GameDev/Assets
GfxDevice: creating device client; threaded=0
2021-09-25 19:07:03.926 Unity[46808:6536501] (null) preferred device: Apple M1 (high power)
2021-09-25 19:07:03.927 Unity[46808:6536501] Metal devices available: 1
2021-09-25 19:07:03.927 Unity[46808:6536501] 0: Apple M1 (high power)
2021-09-25 19:07:03.927 Unity[46808:6536501] Using device Apple M1 (high power)
Initializing Metal device caps: Apple M1
Initialize mono
Mono path[0] = '/Applications/Unity/Unity.app/Contents/Managed'
Mono path[1] = '/Applications/Unity/Unity.app/Contents/MonoBleedingEdge/lib/mono/unityjit'
Mono config path = '/Applications/Unity/Unity.app/Contents/MonoBleedingEdge/etc'
Using monoOptions --debugger-agent=transport=dt_socket,embedding=1,server=y,suspend=n,address=127.0.0.1:56808
Begin MonoManager ReloadAssembly
Registering precompiled unity dll's ...
Register platform support module: /Applications/Unity/Unity.app/Contents/PlaybackEngines/MacStandaloneSupport/UnityEditor.OSXStandalone.Extensions.dll
Registered in 0.000423 seconds.
Native extension for OSXStandalone target not found
Refreshing native plugins compatible for Editor in 35.90 ms, found 2 plugins.
Preloading 0 native plugins for Editor in 0.00 ms.
Invoked RoslynAnalysisRunner static constructor.
RoslynAnalysisRunner will not be running.
RoslynAnalysisRunner has terminated.
Mono: successfully reloaded assembly
- Completed reload, in  1.872 seconds
Platform modules already initialized, skipping
Registering precompiled user dll's ...
Registered in 0.000432 seconds.
Begin MonoManager ReloadAssembly
Native extension for OSXStandalone target not found
Refreshing native plugins compatible for Editor in 33.95 ms, found 2 plugins.
Preloading 0 native plugins for Editor in 0.00 ms.
Invoked RoslynAnalysisRunner static constructor.
RoslynAnalysisRunner will not be running.
RoslynAnalysisRunner has terminated.
Mono: successfully reloaded assembly
- Completed reload, in  1.833 seconds
Platform modules already initialized, skipping
========================================================================
Worker process is ready to serve import requests
Launching external process: /Applications/Unity/Unity.app/Contents/Tools/UnityShaderCompiler
Launched and connected shader compiler UnityShaderCompiler after 0.03 seconds
Refreshing native plugins compatible for Editor in 0.29 ms, found 2 plugins.
Preloading 0 native plugins for Editor in 0.00 ms.
Unloading 1797 Unused Serialized files (Serialized files now loaded: 0)
System memory in use before: 142.1 MB.
System memory in use after: 142.1 MB.

Unloading 20 unused Assets to reduce memory usage. Loaded Objects now: 2243.
Total: 1.686917 ms (FindLiveObjects: 0.171958 ms CreateObjectMapping: 0.036625 ms MarkObjects: 1.402458 ms  DeleteObjects: 0.075167 ms)

========================================================================
Received Import Request.
  path: Assets/Visual Assets/blueGhostUp.png
  artifactKey: Guid(d33cd143f3fd44a5d8db8cd505c57592) Importer(815301076,1909f56bfc062723c751e8b465ee728b)
Start importing Assets/Visual Assets/blueGhostUp.png using Guid(d33cd143f3fd44a5d8db8cd505c57592) Importer(815301076,1909f56bfc062723c751e8b465ee728b)  -> (artifact id: 'f78b049e9b3f5b465f13cfe4bc3ef615') in 0.609520 seconds
  Import took 0.612075 seconds .

========================================================================
Received Import Request.
  Time since last request: 0.000372 seconds.
  path: Assets/Visual Assets/deadGhost.png
  artifactKey: Guid(1a549f77e7488465280e3da8e8165929) Importer(815301076,1909f56bfc062723c751e8b465ee728b)
Start importing Assets/Visual Assets/deadGhost.png using Guid(1a549f77e7488465280e3da8e8165929) Importer(815301076,1909f56bfc062723c751e8b465ee728b)  -> (artifact id: '34482916d35f11d887323dd57ce52a6e') in 0.011114 seconds
  Import took 0.013318 seconds .

========================================================================
Received Import Request.
  Time since last request: 0.000289 seconds.
  path: Assets/Visual Assets/purpleGhostRight.png
  artifactKey: Guid(9c215fda108a34be0abaae704f72b99a) Importer(815301076,1909f56bfc062723c751e8b465ee728b)
Start importing Assets/Visual Assets/purpleGhostRight.png using Guid(9c215fda108a34be0abaae704f72b99a) Importer(815301076,1909f56bfc062723c751e8b465ee728b)  -> (artifact id: '8ef5b4543d56585688a40f4f77387ddd') in 0.008456 seconds
  Import took 0.010808 seconds .

========================================================================
Received Import Request.
  Time since last request: 0.000216 seconds.
  path: Assets/Visual Assets/yellowGhostLeft.png
  artifactKey: Guid(110e74f7a510d45c08ce260a3bc72b6b) Importer(815301076,1909f56bfc062723c751e8b465ee728b)
Start importing Assets/Visual Assets/yellowGhostLeft.png using Guid(110e74f7a510d45c08ce260a3bc72b6b) Importer(815301076,1909f56bfc062723c751e8b465ee728b)  -> (artifact id: '360fd37a5123061b3d09a86ad738e2fa') in 0.007263 seconds
  Import took 0.009687 seconds .

========================================================================
Received Import Request.
  Time since last request: 0.000214 seconds.
  path: Assets/Visual Assets/greenGhost.png
  artifactKey: Guid(c067e42ef5a594041a0ebbfbd33d437c) Importer(815301076,1909f56bfc062723c751e8b465ee728b)
Start importing Assets/Visual Assets/greenGhost.png using Guid(c067e42ef5a594041a0ebbfbd33d437c) Importer(815301076,1909f56bfc062723c751e8b465ee728b)  -> (artifact id: '592acfaccbcf9feab8d274a57c069f9a') in 0.007149 seconds
  Import took 0.009590 seconds .

========================================================================
Received Import Request.
  Time since last request: 0.000227 seconds.
  path: Assets/Visual Assets/purpleGhostLeft.png
  artifactKey: Guid(89a32ae4342e54a5e96e9f1708e22d59) Importer(815301076,1909f56bfc062723c751e8b465ee728b)
Start importing Assets/Visual Assets/purpleGhostLeft.png using Guid(89a32ae4342e54a5e96e9f1708e22d59) Importer(815301076,1909f56bfc062723c751e8b465ee728b)  -> (artifact id: '49819a7dc3024704dbd9dd8ded1d6540') in 0.009440 seconds
  Import took 0.011568 seconds .

========================================================================
Received Import Request.
  Time since last request: 0.000244 seconds.
  path: Assets/Visual Assets/pacManRight.png
  artifactKey: Guid(1d15eb41971694a02aaf1162093f6447) Importer(815301076,1909f56bfc062723c751e8b465ee728b)
Start importing Assets/Visual Assets/pacManRight.png using Guid(1d15eb41971694a02aaf1162093f6447) Importer(815301076,1909f56bfc062723c751e8b465ee728b)  -> (artifact id: 'ad471adfb6542f7f580c3f5f67c31aff') in 0.007252 seconds
  Import took 0.009329 seconds .

========================================================================
Received Import Request.
  Time since last request: 0.000290 seconds.
  path: Assets/Visual Assets/wall.png
  artifactKey: Guid(99df960ad94104ffb91408887976577a) Importer(815301076,1909f56bfc062723c751e8b465ee728b)
Start importing Assets/Visual Assets/wall.png using Guid(99df960ad94104ffb91408887976577a) Importer(815301076,1909f56bfc062723c751e8b465ee728b)  -> (artifact id: '7f733f7d9af6deabbe814717403234d7') in 0.007090 seconds
  Import took 0.009278 seconds .

========================================================================
Received Import Request.
  Time since last request: 0.000274 seconds.
  path: Assets/Visual Assets/yellowGhostUp.png
  artifactKey: Guid(ee504e85a80944685ae5037c464da08f) Importer(815301076,1909f56bfc062723c751e8b465ee728b)
Start importing Assets/Visual Assets/yellowGhostUp.png using Guid(ee504e85a80944685ae5037c464da08f) Importer(815301076,1909f56bfc062723c751e8b465ee728b)  -> (artifact id: '6d12b295bef98d754596942a3722cc73') in 0.006561 seconds
  Import took 0.008747 seconds .

========================================================================
Received Import Request.
  Time since last request: 0.000233 seconds.
  path: Assets/Visual Assets/pacManDown.png
  artifactKey: Guid(474454dec6b394fd4ad39a96edb565bd) Importer(815301076,1909f56bfc062723c751e8b465ee728b)
Start importing Assets/Visual Assets/pacManDown.png using Guid(474454dec6b394fd4ad39a96edb565bd) Importer(815301076,1909f56bfc062723c751e8b465ee728b)  -> (artifact id: '422e6d6b275d84a316b9d3f3699e2180') in 0.006305 seconds
  Import took 0.008398 seconds .

========================================================================
Received Import Request.
  Time since last request: 0.000284 seconds.
  path: Assets/Visual Assets/powerPellet.png
  artifactKey: Guid(cf2cdcbb828dc46b282e0eb391d554f1) Importer(815301076,1909f56bfc062723c751e8b465ee728b)
Start importing Assets/Visual Assets/powerPellet.png using Guid(cf2cdcbb828dc46b282e0eb391d554f1) Importer(815301076,1909f56bfc062723c751e8b465ee728b)  -> (artifact id: '8119b0b7c224a3a7b8d101dc1bc8a161') in 0.006254 seconds
  Import took 0.008353 seconds .

========================================================================
Received Import Request.
  Time since last request: 0.000202 seconds.
  path: Assets/Visual Assets/scaredGhostUp.png
  artifactKey: Guid(bc43d91b7d2104d868ad08d0e1f47ccd) Importer(815301076,1909f56bfc062723c751e8b465ee728b)
Start importing Assets/Visual Assets/scaredGhostUp.png using Guid(bc43d91b7d2104d868ad08d0e1f47ccd) Importer(815301076,1909f56bfc062723c751e8b465ee728b)  -> (artifact id: '95e41b2f5d09a1b8d91eebad06a3013a') in 0.006913 seconds
  Import took 0.009021 seconds .

========================================================================
Received Import Request.
  Time since last request: 0.000276 seconds.
  path: Assets/Visual Assets/scaredGhostRight.png
  artifactKey: Guid(3993472423cd3443f9b969eaa9997d3f) Importer(815301076,1909f56bfc062723c751e8b465ee728b)
Start importing Assets/Visual Assets/scaredGhostRight.png using Guid(3993472423cd3443f9b969eaa9997d3f) Importer(815301076,1909f56bfc062723c751e8b465ee728b)  -> (artifact id: 'a3a56e8db641326e3f6c963140c52a5d') in 0.006941 seconds
  Import took 0.009275 seconds .

========================================================================
Received Import Request.
  Time since last request: 0.000300 seconds.
  path: Assets/Visual Assets/yellowGhostDown.png
  artifactKey: Guid(37808d3b3b7504d029f50bcfcb440cc2) Importer(815301076,1909f56bfc062723c751e8b465ee728b)
Start importing Assets/Visual Assets/yellowGhostDown.png using Guid(37808d3b3b7504d029f50bcfcb440cc2) Importer(815301076,1909f56bfc062723c751e8b465ee728b)  -> (artifact id: '279faf479f95ca9fe1c346cd6e1da407') in 0.006596 seconds
  Import took 0.008807 seconds .

========================================================================
Received Import Request.
  Time since last request: 0.000238 seconds.
  path: Assets/Visual Assets/pacManLeft.png
  artifactKey: Guid(097ee6dffe5e041be85ac5ccaa3e7843) Importer(815301076,1909f56bfc062723c751e8b465ee728b)
Start importing Assets/Visual Assets/pacManLeft.png using Guid(097ee6dffe5e041be85ac5ccaa3e7843) Importer(815301076,1909f56bfc062723c751e8b465ee728b)  -> (artifact id: 'd34553eecc780a2a69291b723fdc7ad9') in 0.006724 seconds
  Import took 0.008690 seconds .

========================================================================
Received Import Request.
  Time since last request: 0.000317 seconds.
  path: Assets/Visual Assets/greenGhostRight.png
  artifactKey: Guid(d0498ea7db4a44ef0812100cd4881daf) Importer(815301076,1909f56bfc062723c751e8b465ee728b)
Start importing Assets/Visual Assets/greenGhostRight.png using Guid(d0498ea7db4a44ef0812100cd4881daf) Importer(815301076,1909f56bfc062723c751e8b465ee728b)  -> (artifact id: 'a894d915129fc927a55ed0b9dfda51f2') in 0.006612 seconds
  Import took 0.008618 seconds .

========================================================================
Received Import Request.
  Time since last request: 0.000328 seconds.
  path: Assets/Visual Assets/scaredGhostLeft.png
  artifactKey: Guid(e38f5e2080353457fb5bfa7f962e2fb1) Importer(815301076,1909f56bfc062723c751e8b465ee728b)
Start importing Assets/Visual Assets/scaredGhostLeft.png using Guid(e38f5e2080353457fb5bfa7f962e2fb1) Importer(815301076,1909f56bfc062723c751e8b465ee728b)  -> (artifact id: '88b4aa28be7a45ee36f2b2edb0281055') in 0.008120 seconds
  Import took 0.010631 seconds .

========================================================================
Received Import Request.
  Time since last request: 0.000435 seconds.
  path: Assets/Visual Assets/blueGhostLeft.png
  artifactKey: Guid(7312ae8c2f22f4ecbbc298f109595e61) Importer(815301076,1909f56bfc062723c751e8b465ee728b)
Start importing Assets/Visual Assets/blueGhostLeft.png using Guid(7312ae8c2f22f4ecbbc298f109595e61) Importer(815301076,1909f56bfc062723c751e8b465ee728b)  -> (artifact id: 'a5ebf881ddc23760a772508c6799bf0c') in 0.007940 seconds
  Import took 0.010484 seconds .

========================================================================
Received Import Request.
  Time since last request: 0.000211 seconds.
  path: Assets/Visual Assets/purpleGhostUp.png
  artifactKey: Guid(ff18b05b0dbe3424bbdc712d0e3f6c75) Importer(815301076,1909f56bfc062723c751e8b465ee728b)
Start importing Assets/Visual Assets/purpleGhostUp.png using Guid(ff18b05b0dbe3424bbdc712d0e3f6c75) Importer(815301076,1909f56bfc062723c751e8b465ee728b)  -> (artifact id: 'a0f337b993c4b2d1d22db52cfce669d0') in 0.009130 seconds
  Import took 0.011544 seconds .

========================================================================
Received Import Request.
  Time since last request: 0.000361 seconds.
  path: Assets/Visual Assets/purperGhost.png
  artifactKey: Guid(3ec6a1b81f7bb4af88f5b3192a92cc6e) Importer(815301076,1909f56bfc062723c751e8b465ee728b)
Start importing Assets/Visual Assets/purperGhost.png using Guid(3ec6a1b81f7bb4af88f5b3192a92cc6e) Importer(815301076,1909f56bfc062723c751e8b465ee728b)  -> (artifact id: '5c8dd8c966d6f68d1823c7a44407e265') in 0.007655 seconds
  Import took 0.009991 seconds .

========================================================================
Received Import Request.
  Time since last request: 0.000328 seconds.
  path: Assets/Visual Assets/yellowGhostRight.png
  artifactKey: Guid(6b0d81024cf074e93b1ff14100505bea) Importer(815301076,1909f56bfc062723c751e8b465ee728b)
Start importing Assets/Visual Assets/yellowGhostRight.png using Guid(6b0d81024cf074e93b1ff14100505bea) Importer(815301076,1909f56bfc062723c751e8b465ee728b)  -> (artifact id: '05ab7080b5b2f136703f493b804eb42b') in 0.008008 seconds
  Import took 0.010315 seconds .

========================================================================
Received Import Request.
  Time since last request: 0.000316 seconds.
  path: Assets/Visual Assets/blueGhostRight.png
  artifactKey: Guid(2de71e8ba887f42af92682dd98626482) Importer(815301076,1909f56bfc062723c751e8b465ee728b)
Start importing Assets/Visual Assets/blueGhostRight.png using Guid(2de71e8ba887f42af92682dd98626482) Importer(815301076,1909f56bfc062723c751e8b465ee728b)  -> (artifact id: '06ddea71b6e659b5083c69515e7f1708') in 0.007624 seconds
  Import took 0.009934 seconds .

========================================================================
Received Import Request.
  Time since last request: 0.000288 seconds.
  path: Assets/Visual Assets/life.png
  artifactKey: Guid(57cd22c35bc224ac2b11510f2f167123) Importer(815301076,1909f56bfc062723c751e8b465ee728b)
Start importing Assets/Visual Assets/life.png using Guid(57cd22c35bc224ac2b11510f2f167123) Importer(815301076,1909f56bfc062723c751e8b465ee728b)  -> (artifact id: 'f1f3b6d7a543d4d623bbcd8d891cdda1') in 0.007584 seconds
  Import took 0.009844 seconds .

========================================================================
Received Import Request.
  Time since last request: 0.000280 seconds.
  path: Assets/Visual Assets/normalPellet.png
  artifactKey: Guid(8db94144b73a047e4835a6dd2eda8581) Importer(815301076,1909f56bfc062723c751e8b465ee728b)
Start importing Assets/Visual Assets/normalPellet.png using Guid(8db94144b73a047e4835a6dd2eda8581) Importer(815301076,1909f56bfc062723c751e8b465ee728b)  -> (artifact id: '9466d305b7dcca5037f5638c3800ebe6') in 0.008546 seconds
  Import took 0.011333 seconds .

========================================================================
Received Import Request.
  Time since last request: 0.000279 seconds.
  path: Assets/Visual Assets/scaredGhostDown.png
  artifactKey: Guid(fece010784bc44effb605334b3343d80) Importer(815301076,1909f56bfc062723c751e8b465ee728b)
Start importing Assets/Visual Assets/scaredGhostDown.png using Guid(fece010784bc44effb605334b3343d80) Importer(815301076,1909f56bfc062723c751e8b465ee728b)  -> (artifact id: '290a52aab630a537ab3775e393432c58') in 0.008646 seconds
  Import took 0.011510 seconds .

========================================================================
Received Import Request.
  Time since last request: 0.000314 seconds.
  path: Assets/Visual Assets/blueGhost.png
  artifactKey: Guid(bde8296a63686408183608247001fa39) Importer(815301076,1909f56bfc062723c751e8b465ee728b)
Start importing Assets/Visual Assets/blueGhost.png using Guid(bde8296a63686408183608247001fa39) Importer(815301076,1909f56bfc062723c751e8b465ee728b)  -> (artifact id: '68a8c0adb15c69fe7b58ef846db362f8') in 0.008394 seconds
  Import took 0.010797 seconds .

========================================================================
Received Import Request.
  Time since last request: 0.000233 seconds.
  path: Assets/Visual Assets/greenGhostLeft.png
  artifactKey: Guid(59cc295a1cdfe4ea1b83f4d1d9a4770e) Importer(815301076,1909f56bfc062723c751e8b465ee728b)
Start importing Assets/Visual Assets/greenGhostLeft.png using Guid(59cc295a1cdfe4ea1b83f4d1d9a4770e) Importer(815301076,1909f56bfc062723c751e8b465ee728b)  -> (artifact id: '54683b8c5b2a3e618cd82a1bf1044edd') in 0.009203 seconds
  Import took 0.012158 seconds .

========================================================================
Received Import Request.
  Time since last request: 0.000238 seconds.
  path: Assets/Visual Assets/greenGhostUp.png
  artifactKey: Guid(3c78d717df9254003acd2214828fc0d4) Importer(815301076,1909f56bfc062723c751e8b465ee728b)
Start importing Assets/Visual Assets/greenGhostUp.png using Guid(3c78d717df9254003acd2214828fc0d4) Importer(815301076,1909f56bfc062723c751e8b465ee728b)  -> (artifact id: 'b5bcdb1a447a72f8f145164d7f3bc051') in 0.011752 seconds
  Import took 0.014705 seconds .

========================================================================
Received Import Request.
  Time since last request: 0.000255 seconds.
  path: Assets/Visual Assets/cherry.png
  artifactKey: Guid(e7a77e6ad7f5c4fb496bc4dd58e32360) Importer(815301076,1909f56bfc062723c751e8b465ee728b)
Start importing Assets/Visual Assets/cherry.png using Guid(e7a77e6ad7f5c4fb496bc4dd58e32360) Importer(815301076,1909f56bfc062723c751e8b465ee728b)  -> (artifact id: '17748adc3a34de811c5f3b921fa0622d') in 0.008334 seconds
  Import took 0.011166 seconds .

========================================================================
Received Import Request.
  Time since last request: 0.000224 seconds.
  path: Assets/Visual Assets/pacManUp.png
  artifactKey: Guid(0b9bfb50e467d45bfa5c33590ec51472) Importer(815301076,1909f56bfc062723c751e8b465ee728b)
Start importing Assets/Visual Assets/pacManUp.png using Guid(0b9bfb50e467d45bfa5c33590ec51472) Importer(815301076,1909f56bfc062723c751e8b465ee728b)  -> (artifact id: '4696acbc9c1b5fa93607324c787bbedb') in 0.011427 seconds
  Import took 0.014264 seconds .

========================================================================
Received Prepare
Registering precompiled user dll's ...
Registered in 0.001042 seconds.
Begin MonoManager ReloadAssembly
Native extension for OSXStandalone target not found
Refreshing native plugins compatible for Editor in 0.41 ms, found 2 plugins.
Preloading 0 native plugins for Editor in 0.00 ms.
Invoked RoslynAnalysisRunner static constructor.
RoslynAnalysisRunner will not be running.
RoslynAnalysisRunner has terminated.
Mono: successfully reloaded assembly
- Completed reload, in  1.740 seconds
Platform modules already initialized, skipping
Refreshing native plugins compatible for Editor in 0.27 ms, found 2 plugins.
Preloading 0 native plugins for Editor in 0.00 ms.
Unloading 1788 Unused Serialized files (Serialized files now loaded: 0)
System memory in use before: 149.7 MB.
System memory in use after: 149.8 MB.

Unloading 8 unused Assets to reduce memory usage. Loaded Objects now: 2258.
Total: 1.328458 ms (FindLiveObjects: 0.108959 ms CreateObjectMapping: 0.034875 ms MarkObjects: 1.140500 ms  DeleteObjects: 0.043208 ms)

========================================================================
Received Import Request.
  Time since last request: 80.680968 seconds.
  path: Assets/Visual Assets/scaredGhost.png
  artifactKey: Guid(f17a1b4e577164864a22fba4b44d7a2e) Importer(815301076,1909f56bfc062723c751e8b465ee728b)
Start importing Assets/Visual Assets/scaredGhost.png using Guid(f17a1b4e577164864a22fba4b44d7a2e) Importer(815301076,1909f56bfc062723c751e8b465ee728b)  -> (artifact id: 'd2322bfb40edfc92296c8739086ba2aa') in 0.128060 seconds
  Import took 0.130667 seconds .

========================================================================
Received Import Request.
  Time since last request: 1.909014 seconds.
  path: Assets/Visual Assets/scaredGhostRecovery.png
  artifactKey: Guid(5c3c2f06374fe426f8751fa0c9839768) Importer(815301076,1909f56bfc062723c751e8b465ee728b)
Start importing Assets/Visual Assets/scaredGhostRecovery.png using Guid(5c3c2f06374fe426f8751fa0c9839768) Importer(815301076,1909f56bfc062723c751e8b465ee728b)  -> (artifact id: '1549712ac64327c98ebb2e55b62026b6') in 0.010406 seconds
  Import took 0.013057 seconds .

========================================================================
Received Import Request.
  Time since last request: 0.004223 seconds.
  path: Assets/Visual Assets/scaredGhostRecovery.png
  artifactKey: Guid(5c3c2f06374fe426f8751fa0c9839768) Importer(815301076,1909f56bfc062723c751e8b465ee728b)
Start importing Assets/Visual Assets/scaredGhostRecovery.png using Guid(5c3c2f06374fe426f8751fa0c9839768) Importer(815301076,1909f56bfc062723c751e8b465ee728b)  -> (artifact id: '1549712ac64327c98ebb2e55b62026b6') in 0.006439 seconds
  Import took 0.008792 seconds .

